Zip codes with the highest number of collisions
	10013      2 Collisions
	10010      1 Collisions
	10029      1 Collisions

Zip Codes with the fewest number of Collisions
	10013     2 Collisions
	10029     1 Collisions

Zip codes with the highest number of injuries and fatalities (Combined):
	10029      8 Injuries and Fatalities
	10013      5 Injuries and Fatalities

Zip codes with the most cyclist injuries and fatalities:
	10013      11 Cyclists Injured
	10010      9 Cyclists Injured

Percentage of Collisions involving certain vehicle types
	Taxi        0.00% 
	Bus         0.00% 
	Bicycle     0.00% 
	Firetruck   0.00% 
	Ambulance   0.00% 

Number of bicycle collisions of places I lived at
	10013        11 Cyclists injured

